<?xml version="1.0" encoding="UTF-8"?>
<testsuite xmlns:xsi="http://www.w3.org/2001/XMLSchema-instance" xsi:noNamespaceSchemaLocation="https://maven.apache.org/surefire/maven-surefire-plugin/xsd/surefire-test-report-3.0.xsd" version="3.0" name="com.table.util.FileHandlerTest" time="1.309" tests="4" errors="0" skipped="0" failures="0">
  <properties>
[...]
</properties>
  <testcase name="givenExistingFile_whenLoadFromFile_returnFileExists" classname="com.table.util.FileHandlerTest" time="0.053">
    <system-out><![CDATA[Table data successfully loaded from test_file.txt
]]></system-out>
  </testcase>
  <testcase name="givenNonExistingFile_whenLoadFromFile_returnFileNotExist" classname="com.table.util.FileHandlerTest" time="0.003"/>
  <testcase name="givenData_whenSaveToFile_returnSavedFile" classname="com.table.util.FileHandlerTest" time="1.209">
    <system-out><![CDATA[There was an error... Several matching constructors found, please specify the argument parameter types so that PowerMock can determine which method you're referring to.
Matching constructors in class java.io.FileWriter were:
java.io.FileWriter( java.lang.String.class )
java.io.FileWriter( java.io.File.class )

]]></system-out>
  </testcase>
  <testcase name="givenNonExistingFile_whenCopyDefaultIfFileNotExist_returnDefaultFile" classname="com.table.util.FileHandlerTest" time="0.015">
    <system-out><![CDATA[Default file copied successfully from resources.
]]></system-out>
  </testcase>
</testsuite>