<?xml version="1.0" encoding="UTF-8"?>
<testsuite xmlns:xsi="http://www.w3.org/2001/XMLSchema-instance" xsi:noNamespaceSchemaLocation="https://maven.apache.org/surefire/maven-surefire-plugin/xsd/surefire-test-report-3.0.xsd" version="3.0" name="com.table.model.TableTest" time="0.065" tests="11" errors="0" skipped="0" failures="0">
  <properties>
[...]
</properties>
  <testcase name="givenTestTxt_whenResizeTable_thenReturnTable" classname="com.table.model.TableTest" time="0.033"/>
  <testcase name="givenTestTxt_whenGetRows_returnRows" classname="com.table.model.TableTest" time="0.0"/>
  <testcase name="givenTestTxt_whenSetRows_returnRows" classname="com.table.model.TableTest" time="0.001"/>
  <testcase name="givenTestTxt_whenGetData_returnData" classname="com.table.model.TableTest" time="0.001"/>
  <testcase name="givenTestTxt_whenGetKeyValueDelimiter_returnKeyValueDelimiter" classname="com.table.model.TableTest" time="0.002"/>
  <testcase name="givenTestTxt_whenSetColumns_returnColumns" classname="com.table.model.TableTest" time="0.001"/>
  <testcase name="givenTestTxt_whenGetPairDelimiter_returnPairDelimiter" classname="com.table.model.TableTest" time="0.002"/>
  <testcase name="givenTestTxt_whenSetData_returnData" classname="com.table.model.TableTest" time="0.001"/>
  <testcase name="givenTestTxt_whenGetColumns_returnColumns" classname="com.table.model.TableTest" time="0.0"/>
  <testcase name="givenTestNoDataTxt_whenPrintTable_thenReturnNoData" classname="com.table.model.TableTest" time="0.001"/>
  <testcase name="givenTestTxt_whenPrintTable_thenReturnData" classname="com.table.model.TableTest" time="0.001"/>
</testsuite>