<?xml version="1.0" encoding="UTF-8"?>
<testsuite xmlns:xsi="http://www.w3.org/2001/XMLSchema-instance" xsi:noNamespaceSchemaLocation="https://maven.apache.org/surefire/maven-surefire-plugin/xsd/surefire-test-report-3.0.xsd" version="3.0" name="com.table.service.TableServiceIMPLTest" time="0.072" tests="8" errors="0" skipped="0" failures="0">
  <properties>
[...]
</properties>
  <testcase name="testEditCell" classname="com.table.service.TableServiceIMPLTest" time="0.031"/>
  <testcase name="testSearchByPattern" classname="com.table.service.TableServiceIMPLTest" time="0.001">
    <system-out><![CDATA[Matches in cell (0, 0): 1
Matches in cell (0, 1): 1
Matches in cell (1, 0): 1
Matches in cell (1, 1): 1
]]></system-out>
  </testcase>
  <testcase name="givenExistingFile_whenInitializeTable_returnTrue" classname="com.table.service.TableServiceIMPLTest" time="0.007">
    <system-out><![CDATA[Table data successfully loaded from test.txt
]]></system-out>
  </testcase>
  <testcase name="testAddRowWithColumns" classname="com.table.service.TableServiceIMPLTest" time="0.001">
    <system-out><![CDATA[New row added with 2 columns and randomly generated key-value pairs.
]]></system-out>
  </testcase>
  <testcase name="testSortRow" classname="com.table.service.TableServiceIMPLTest" time="0.001">
    <system-out><![CDATA[Keys in row 0 sorted in ascending order.
]]></system-out>
  </testcase>
  <testcase name="givenNonExistingFile_whenInitializeTable_returnFalse" classname="com.table.service.TableServiceIMPLTest" time="0.003"/>
  <testcase name="testGenerateRandomTable" classname="com.table.service.TableServiceIMPLTest" time="0.001">
    <system-out><![CDATA[Generating random table with rows: 2 and columns: 2
]]></system-out>
  </testcase>
  <testcase name="testRegenerateTable" classname="com.table.service.TableServiceIMPLTest" time="0.0">
    <system-out><![CDATA[Generating random table with rows: 4 and columns: 3
]]></system-out>
  </testcase>
</testsuite>